[05-Mar-2016 14:46:58 UTC] PHP Warning:  getimagesize(../img/2.jpg): failed to open stream: No such file or directory in /home/ubuntu/workspace/szerkesztes/upload_photo.php on line 20
[05-Mar-2016 14:46:58 UTC] PHP Stack trace:
[05-Mar-2016 14:46:58 UTC] PHP   1. {main}() /home/ubuntu/workspace/szerkesztes/csendelet_kh.php:0
[05-Mar-2016 14:46:58 UTC] PHP   2. include() /home/ubuntu/workspace/szerkesztes/csendelet_kh.php:3
[05-Mar-2016 14:46:58 UTC] PHP   3. getimagesize() /home/ubuntu/workspace/szerkesztes/upload_photo.php:20
[05-Mar-2016 14:58:14 UTC] PHP Warning:  getimagesize(../img/2.jpg): failed to open stream: No such file or directory in /home/ubuntu/workspace/szerkesztes/upload_photo.php on line 20
[05-Mar-2016 14:58:14 UTC] PHP Stack trace:
[05-Mar-2016 14:58:14 UTC] PHP   1. {main}() /home/ubuntu/workspace/szerkesztes/csendelet_kh.php:0
[05-Mar-2016 14:58:14 UTC] PHP   2. include() /home/ubuntu/workspace/szerkesztes/csendelet_kh.php:3
[05-Mar-2016 14:58:14 UTC] PHP   3. getimagesize() /home/ubuntu/workspace/szerkesztes/upload_photo.php:20
[02-Jun-2016 07:26:22 UTC] PHP Fatal error:  Call to undefined function generer_upload_photo() in /home/ubuntu/workspace/szerkesztes/media_ch.php on line 21
[02-Jun-2016 07:26:22 UTC] PHP Stack trace:
[02-Jun-2016 07:26:22 UTC] PHP   1. {main}() /home/ubuntu/workspace/szerkesztes/media_ch.php:0
[02-Jun-2016 07:28:05 UTC] PHP Warning:  getimagesize(../img/4.): failed to open stream: No such file or directory in /home/ubuntu/workspace/szerkesztes/upload_photo.php on line 21
[02-Jun-2016 07:28:05 UTC] PHP Stack trace:
[02-Jun-2016 07:28:05 UTC] PHP   1. {main}() /home/ubuntu/workspace/szerkesztes/media_ch.php:0
[02-Jun-2016 07:28:05 UTC] PHP   2. include() /home/ubuntu/workspace/szerkesztes/media_ch.php:3
[02-Jun-2016 07:28:05 UTC] PHP   3. getimagesize() /home/ubuntu/workspace/szerkesztes/upload_photo.php:21
[02-Jun-2016 07:28:05 UTC] PHP Fatal error:  Uncaught exception 'PDOException' with message 'SQLSTATE[42S22]: Column not found: 1054 Unknown column 'descr' in 'field list'' in /home/ubuntu/workspace/szerkesztes/upload_photo.php:33
Stack trace:
#0 /home/ubuntu/workspace/szerkesztes/upload_photo.php(33): PDOStatement->execute(Array)
#1 /home/ubuntu/workspace/szerkesztes/media_ch.php(3): include('/home/ubuntu/wo...')
#2 {main}
  thrown in /home/ubuntu/workspace/szerkesztes/upload_photo.php on line 33
[02-Jun-2016 07:41:31 UTC] PHP Fatal error:  Uncaught exception 'PDOException' with message 'SQLSTATE[42S22]: Column not found: 1054 Unknown column 'descr' in 'field list'' in /home/ubuntu/workspace/szerkesztes/upload_photo.php:33
Stack trace:
#0 /home/ubuntu/workspace/szerkesztes/upload_photo.php(33): PDOStatement->execute(Array)
#1 /home/ubuntu/workspace/szerkesztes/media_ch.php(3): include('/home/ubuntu/wo...')
#2 {main}
  thrown in /home/ubuntu/workspace/szerkesztes/upload_photo.php on line 33
[02-Jun-2016 07:43:18 UTC] PHP Fatal error:  Uncaught exception 'PDOException' with message 'SQLSTATE[42S22]: Column not found: 1054 Unknown column 'descr' in 'field list'' in /home/ubuntu/workspace/szerkesztes/upload_photo.php:33
Stack trace:
#0 /home/ubuntu/workspace/szerkesztes/upload_photo.php(33): PDOStatement->execute(Array)
#1 /home/ubuntu/workspace/szerkesztes/media_ch.php(3): include('/home/ubuntu/wo...')
#2 {main}
  thrown in /home/ubuntu/workspace/szerkesztes/upload_photo.php on line 33
[02-Jun-2016 12:16:07 UTC] PHP Fatal error:  Uncaught exception 'PDOException' with message 'SQLSTATE[42000]: Syntax error or access violation: 1064 You have an error in your SQL syntax; check the manual that corresponds to your MySQL server version for the right syntax to use near 'desc, cim, photo) VALUES ('', '', 'bb', 'description<br />\r\ntest', 'test', '9'' at line 1' in /home/ubuntu/workspace/szerkesztes/kialitas_h.php:21
Stack trace:
#0 /home/ubuntu/workspace/szerkesztes/kialitas_h.php(21): PDOStatement->execute(Array)
#1 {main}
  thrown in /home/ubuntu/workspace/szerkesztes/kialitas_h.php on line 21
[02-Jun-2016 12:19:20 UTC] PHP Fatal error:  Uncaught exception 'PDOException' with message 'SQLSTATE[42000]: Syntax error or access violation: 1064 You have an error in your SQL syntax; check the manual that corresponds to your MySQL server version for the right syntax to use near 'desc, cim, photo) VALUES ('', '', 'bb', 'description<br />\r\ntest', 'test', '10' at line 1' in /home/ubuntu/workspace/szerkesztes/kialitas_h.php:22
Stack trace:
#0 /home/ubuntu/workspace/szerkesztes/kialitas_h.php(22): PDOStatement->execute(Array)
#1 {main}
  thrown in /home/ubuntu/workspace/szerkesztes/kialitas_h.php on line 22
[02-Jun-2016 12:20:10 UTC] PHP Fatal error:  Uncaught exception 'PDOException' with message 'SQLSTATE[42000]: Syntax error or access violation: 1064 You have an error in your SQL syntax; check the manual that corresponds to your MySQL server version for the right syntax to use near 'desc, cim, photo) VALUES ('2016-06-01', '2016-06-16', 'tdt', 'zzaa<br />\r\nytr'' at line 1' in /home/ubuntu/workspace/szerkesztes/kialitas_h.php:22
Stack trace:
#0 /home/ubuntu/workspace/szerkesztes/kialitas_h.php(22): PDOStatement->execute(Array)
#1 {main}
  thrown in /home/ubuntu/workspace/szerkesztes/kialitas_h.php on line 22
